E:\PYTHON\Vapsva\venv\Scripts\sumo-bandstats
Indirect band gap: 0.245 eV
Direct band gap: 0.245 eV
  k-point: [0.00, 0.00, 0.00]
  k-point indices: 0, 79, 80, 139
  Band indices: 30, 32

Valence band maximum:
  Energy: 4.390 eV
  k-point: [0.37, 0.37, 0.37]
  k-point location: between GAMMA-T
  k-point indices: 14
  k-point degeneracy: 1
  Band indices: 30, 31

Conduction band minimum:
  Energy: 4.635 eV
  k-point: [0.00, 0.00, 0.00]
  k-point location: GAMMA
  k-point indices: 0, 79, 80, 139
  k-point degeneracy: 1
  Band indices: 32

Using parabolic fitting of the band edges

Hole effective masses:
  m_h: inf | band 30 | [0.37, 0.37, 0.37] -> [0.50, 0.50, 0.50] (T)
  m_h: -145.585 | band 30 | [0.37, 0.37, 0.37] -> [0.00, 0.00, 0.00] (GAMMA)
  m_h: inf | band 31 | [0.37, 0.37, 0.37] -> [0.50, 0.50, 0.50] (T)
  m_h: -145.585 | band 31 | [0.37, 0.37, 0.37] -> [0.00, 0.00, 0.00] (GAMMA)

Electron effective masses:
  m_e: 0.121 | band 32 | [0.00, 0.00, 0.00] (GAMMA) -> [0.50, 0.50, 0.50] (T)
  m_e: 0.227 | band 32 | [0.00, 0.00, 0.00] (GAMMA) -> [0.50, 0.00, 0.00] (L)
  m_e: 0.252 | band 32 | [0.00, 0.00, 0.00] (GAMMA) -> [0.34, -0.34, 0.00] (S_0)
  m_e: 0.231 | band 32 | [0.00, 0.00, 0.00] (GAMMA) -> [0.50, 0.00, 0.50] (F)
