E:\PYTHON\Vapsva\venv\Scripts\sumo-bandstats
Indirect band gap: 1.353 eV
Direct band gap: 1.471 eV
  k-point: [0.00, 0.00, 0.00]
  k-point indices: 0, 59, 60
  Band indices: 60, 63

Valence band maximum:
  Energy: 4.272 eV
  k-point: [0.28, 0.28, 0.55]
  k-point location: between K-GAMMA
  k-point indices: 45
  k-point degeneracy: 12
  Band indices: 62

Conduction band minimum:
  Energy: 5.625 eV
  k-point: [0.00, 0.00, 0.00]
  k-point location: GAMMA
  k-point indices: 0, 59, 60
  k-point degeneracy: 1
  Band indices: 63

Using parabolic fitting of the band edges

Hole effective masses:
  m_h: -2.743 | band 62 | [0.28, 0.28, 0.55] -> [0.00, 0.00, 0.00] (GAMMA)
  m_h: -2.548 | band 62 | [0.28, 0.28, 0.55] -> [0.38, 0.38, 0.75] (K)

Electron effective masses:
  m_e: 0.142 | band 63 | [0.00, 0.00, 0.00] (GAMMA) -> [0.50, 0.00, 0.50] (X)
  m_e: 0.151 | band 63 | [0.00, 0.00, 0.00] (GAMMA) -> [0.38, 0.38, 0.75] (K)
  m_e: 0.144 | band 63 | [0.00, 0.00, 0.00] (GAMMA) -> [0.50, 0.50, 0.50] (L)
