/home/alex/.local/bin/sumo-bandstats
Indirect band gap: 2.405 eV
Direct band gap: 2.525 eV
  k-point: [0.00, 0.00, 0.00]
  k-point indices: 0
  Band indices: 60, 63

Valence band maximum:
  Energy: 3.532 eV
  k-point: [0.28, 0.28, 0.55]
  k-point location: between None-None
  k-point indices: 30
  k-point degeneracy: 12
  Band indices: 62

Conduction band minimum:
  Energy: 5.937 eV
  k-point: [0.00, 0.00, 0.00]
  k-point location: between None-None
  k-point indices: 0
  k-point degeneracy: 1
  Band indices: 63

Using parabolic fitting of the band edges

Hole effective masses:
  m_h: -2.494 | band 62 | [0.28, 0.28, 0.55] -> [0.50, 0.00, 0.50]
  m_h: -2.362 | band 62 | [0.28, 0.28, 0.55] -> [0.00, 0.00, 0.00]

Electron effective masses:
  m_e: 0.163 | band 63 | [0.00, 0.00, 0.00] -> [0.50, 0.00, 0.50]
