/home/alex/.local/bin/sumo-bandstats
Direct band gap: 3.379 eV
  k-point: [0.00, 0.00, 0.00]
  k-point indices: 0, 68, 69
  Band indices: 7, 10

Valence band maximum:
  Energy: 1.461 eV
  k-point: [0.00, 0.00, 0.00]
  k-point location: \Gamma
  k-point indices: 0, 68, 69
  k-point degeneracy: 1
  Band indices: 7, 8, 9

Conduction band minimum:
  Energy: 4.840 eV
  k-point: [0.00, 0.00, 0.00]
  k-point location: \Gamma
  k-point indices: 0, 68, 69
  k-point degeneracy: 1
  Band indices: 10

Using parabolic fitting of the band edges

Hole effective masses:
  m_h: -0.236 | band 7 | [0.00, 0.00, 0.00] (\Gamma) -> [0.50, 0.00, 0.50] (X)
  m_h: -0.190 | band 7 | [0.00, 0.00, 0.00] (\Gamma) -> [0.38, 0.38, 0.75] (K)
  m_h: -0.176 | band 7 | [0.00, 0.00, 0.00] (\Gamma) -> [0.50, 0.50, 0.50] (L)
  m_h: -0.673 | band 8 | [0.00, 0.00, 0.00] (\Gamma) -> [0.50, 0.00, 0.50] (X)
  m_h: -0.663 | band 8 | [0.00, 0.00, 0.00] (\Gamma) -> [0.38, 0.38, 0.75] (K)
  m_h: -1.450 | band 8 | [0.00, 0.00, 0.00] (\Gamma) -> [0.50, 0.50, 0.50] (L)
  m_h: -0.673 | band 9 | [0.00, 0.00, 0.00] (\Gamma) -> [0.50, 0.00, 0.50] (X)
  m_h: -3.328 | band 9 | [0.00, 0.00, 0.00] (\Gamma) -> [0.38, 0.38, 0.75] (K)
  m_h: -1.450 | band 9 | [0.00, 0.00, 0.00] (\Gamma) -> [0.50, 0.50, 0.50] (L)

Electron effective masses:
  m_e: 0.215 | band 10 | [0.00, 0.00, 0.00] (\Gamma) -> [0.50, 0.00, 0.50] (X)
  m_e: 0.223 | band 10 | [0.00, 0.00, 0.00] (\Gamma) -> [0.38, 0.38, 0.75] (K)
  m_e: 0.225 | band 10 | [0.00, 0.00, 0.00] (\Gamma) -> [0.50, 0.50, 0.50] (L)
