/home/alex/.local/bin/sumo-bandstats
Indirect band gap: 1.888 eV
Direct band gap: 2.003 eV
  k-point: [0.00, 0.00, 0.00]
  k-point indices: 0, 59, 60
  Band indices: 62, 63

Valence band maximum:
  Energy: 3.946 eV
  k-point: [0.28, 0.28, 0.55]
  k-point location: between K-GAMMA
  k-point indices: 45
  k-point degeneracy: 12
  Band indices: 62

Conduction band minimum:
  Energy: 5.833 eV
  k-point: [0.00, 0.00, 0.00]
  k-point location: GAMMA
  k-point indices: 0, 59, 60
  k-point degeneracy: 1
  Band indices: 63

Using parabolic fitting of the band edges

Hole effective masses:
  m_h: -2.598 | band 62 | [0.28, 0.28, 0.55] -> [0.00, 0.00, 0.00] (GAMMA)
  m_h: -2.625 | band 62 | [0.28, 0.28, 0.55] -> [0.38, 0.38, 0.75] (K)

Electron effective masses:
  m_e: 0.161 | band 63 | [0.00, 0.00, 0.00] (GAMMA) -> [0.50, 0.00, 0.50] (X)
  m_e: 0.177 | band 63 | [0.00, 0.00, 0.00] (GAMMA) -> [0.38, 0.38, 0.75] (K)
  m_e: 0.170 | band 63 | [0.00, 0.00, 0.00] (GAMMA) -> [0.50, 0.50, 0.50] (L)
