/home/alex/.local/bin/sumo-bandstats
Direct band gap: 0.621 eV
  k-point: [0.00, 0.00, 0.00]
  k-point indices: 0, 79, 80, 139
  Band indices: 30, 32

Valence band maximum:
  Energy: 4.271 eV
  k-point: [0.00, 0.00, 0.00]
  k-point location: GAMMA
  k-point indices: 0, 79, 80, 139
  k-point degeneracy: 1
  Band indices: 30, 31

Conduction band minimum:
  Energy: 4.892 eV
  k-point: [0.00, 0.00, 0.00]
  k-point location: GAMMA
  k-point indices: 0, 79, 80, 139
  k-point degeneracy: 1
  Band indices: 32

Using parabolic fitting of the band edges

Hole effective masses:
  m_h: -28.783 | band 30 | [0.00, 0.00, 0.00] (GAMMA) -> [0.50, 0.50, 0.50] (T)
  m_h: -0.211 | band 30 | [0.00, 0.00, 0.00] (GAMMA) -> [0.50, 0.00, 0.00] (L)
  m_h: -0.234 | band 30 | [0.00, 0.00, 0.00] (GAMMA) -> [0.34, -0.34, 0.00] (S_0)
  m_h: -0.222 | band 30 | [0.00, 0.00, 0.00] (GAMMA) -> [0.50, 0.00, 0.50] (F)
  m_h: -28.783 | band 31 | [0.00, 0.00, 0.00] (GAMMA) -> [0.50, 0.50, 0.50] (T)
  m_h: -0.883 | band 31 | [0.00, 0.00, 0.00] (GAMMA) -> [0.50, 0.00, 0.00] (L)
  m_h: -0.844 | band 31 | [0.00, 0.00, 0.00] (GAMMA) -> [0.34, -0.34, 0.00] (S_0)
  m_h: -0.908 | band 31 | [0.00, 0.00, 0.00] (GAMMA) -> [0.50, 0.00, 0.50] (F)

Electron effective masses:
  m_e: 0.165 | band 32 | [0.00, 0.00, 0.00] (GAMMA) -> [0.50, 0.50, 0.50] (T)
  m_e: 0.243 | band 32 | [0.00, 0.00, 0.00] (GAMMA) -> [0.50, 0.00, 0.00] (L)
  m_e: 0.261 | band 32 | [0.00, 0.00, 0.00] (GAMMA) -> [0.34, -0.34, 0.00] (S_0)
  m_e: 0.246 | band 32 | [0.00, 0.00, 0.00] (GAMMA) -> [0.50, 0.00, 0.50] (F)
