/home/alex/.local/bin/sumo-bandstats
Indirect band gap: 2.904 eV
Direct band gap: 2.923 eV
  k-point: [0.00, 0.00, 0.00]
  k-point indices: 0, 59, 60
  Band indices: 41, 43

Valence band maximum:
  Energy: 4.278 eV
  k-point: [0.16, 0.16, 0.32]
  k-point location: between K-GAMMA
  k-point indices: 51
  k-point degeneracy: 12
  Band indices: 42

Conduction band minimum:
  Energy: 7.183 eV
  k-point: [0.00, 0.00, 0.00]
  k-point location: GAMMA
  k-point indices: 0, 59, 60
  k-point degeneracy: 1
  Band indices: 43, 44, 45

Using parabolic fitting of the band edges

Hole effective masses:
  m_h: -7.124 | band 42 | [0.16, 0.16, 0.32] -> [0.00, 0.00, 0.00] (GAMMA)
  m_h: -3.362 | band 42 | [0.16, 0.16, 0.32] -> [0.38, 0.38, 0.75] (K)

Electron effective masses:
  m_e: 0.660 | band 43 | [0.00, 0.00, 0.00] (GAMMA) -> [0.50, 0.00, 0.50] (X)
  m_e: 0.465 | band 43 | [0.00, 0.00, 0.00] (GAMMA) -> [0.38, 0.38, 0.75] (K)
  m_e: 0.543 | band 43 | [0.00, 0.00, 0.00] (GAMMA) -> [0.50, 0.50, 0.50] (L)
  m_e: 0.330 | band 44 | [0.00, 0.00, 0.00] (GAMMA) -> [0.50, 0.00, 0.50] (X)
  m_e: 0.413 | band 44 | [0.00, 0.00, 0.00] (GAMMA) -> [0.38, 0.38, 0.75] (K)
  m_e: 0.387 | band 44 | [0.00, 0.00, 0.00] (GAMMA) -> [0.50, 0.50, 0.50] (L)
  m_e: 0.330 | band 45 | [0.00, 0.00, 0.00] (GAMMA) -> [0.50, 0.00, 0.50] (X)
  m_e: 0.414 | band 45 | [0.00, 0.00, 0.00] (GAMMA) -> [0.38, 0.38, 0.75] (K)
  m_e: 0.388 | band 45 | [0.00, 0.00, 0.00] (GAMMA) -> [0.50, 0.50, 0.50] (L)
